Performing C SOURCE FILE Test C_SUPPORTS_WERROR_UNGUARDED_AVAILABILITY_NEW failed with the following output:
Change Dir: /home/martin/gits/tinylang/build/CMakeFiles/CMakeTmp

Run Build Command(s):/usr/bin/ninja cmTC_88aac && [1/2] Building C object CMakeFiles/cmTC_88aac.dir/src.c.o
FAILED: CMakeFiles/cmTC_88aac.dir/src.c.o 
/usr/bin/cc -DC_SUPPORTS_WERROR_UNGUARDED_AVAILABILITY_NEW  -fPIC -fno-semantic-interposition -Werror=date-time    -Werror -Werror=unguarded-availability-new -o CMakeFiles/cmTC_88aac.dir/src.c.o -c /home/martin/gits/tinylang/build/CMakeFiles/CMakeTmp/src.c
cc1: error: '-Werror=unguarded-availability-new': no option '-Wunguarded-availability-new'
ninja: build stopped: subcommand failed.


Source file was:
int main(void) { return 0; }
Performing C SOURCE FILE Test C_SUPPORTS_COVERED_SWITCH_DEFAULT_FLAG failed with the following output:
Change Dir: /home/martin/gits/tinylang/build/CMakeFiles/CMakeTmp

Run Build Command(s):/usr/bin/ninja cmTC_c15f0 && [1/2] Building C object CMakeFiles/cmTC_c15f0.dir/src.c.o
FAILED: CMakeFiles/cmTC_c15f0.dir/src.c.o 
/usr/bin/cc -DC_SUPPORTS_COVERED_SWITCH_DEFAULT_FLAG  -fPIC -fno-semantic-interposition -Werror=date-time -Wall -Wextra -Wno-unused-parameter -Wwrite-strings -Wmissing-field-initializers -Wimplicit-fallthrough    -Werror -Wcovered-switch-default -o CMakeFiles/cmTC_c15f0.dir/src.c.o -c /home/martin/gits/tinylang/build/CMakeFiles/CMakeTmp/src.c
cc: error: unrecognized command-line option '-Wcovered-switch-default'; did you mean '-Wno-switch-default'?
ninja: build stopped: subcommand failed.


Source file was:
int main(void) { return 0; }
Performing C++ SOURCE FILE Test CXX_SUPPORTS_CLASS_MEMACCESS_FLAG failed with the following output:
Change Dir: /home/martin/gits/tinylang/build/CMakeFiles/CMakeTmp

Run Build Command(s):/usr/bin/ninja cmTC_f2b13 && [1/2] Building CXX object CMakeFiles/cmTC_f2b13.dir/src.cxx.o
warning: unknown warning option '-Wclass-memaccess'; did you mean '-Wclass-varargs'? [-Wunknown-warning-option]
1 warning generated.
[2/2] Linking CXX executable cmTC_f2b13


Source file was:
int main() { return 0; }
Performing C SOURCE FILE Test C_WCOMMENT_ALLOWS_LINE_WRAP failed with the following output:
Change Dir: /home/martin/gits/tinylang/build/CMakeFiles/CMakeTmp

Run Build Command(s):/usr/bin/ninja cmTC_b3f6a && [1/2] Building C object CMakeFiles/cmTC_b3f6a.dir/src.c.o
FAILED: CMakeFiles/cmTC_b3f6a.dir/src.c.o 
/usr/bin/cc -DC_WCOMMENT_ALLOWS_LINE_WRAP  -fPIC -fno-semantic-interposition -Werror=date-time -Wall -Wextra -Wno-unused-parameter -Wwrite-strings -Wmissing-field-initializers -Wimplicit-fallthrough  -Werror -Wcomment -o CMakeFiles/cmTC_b3f6a.dir/src.c.o -c /home/martin/gits/tinylang/build/CMakeFiles/CMakeTmp/src.c
/home/martin/gits/tinylang/build/CMakeFiles/CMakeTmp/src.c:1:1: error: multi-line comment [-Werror=comment]
    1 | // \
      | ^
cc1: all warnings being treated as errors
ninja: build stopped: subcommand failed.


Source file was:
// \
//
int main() {return 0;}
Performing C SOURCE FILE Test C_SUPPORTS_STRING_CONVERSION_FLAG failed with the following output:
Change Dir: /home/martin/gits/tinylang/build/CMakeFiles/CMakeTmp

Run Build Command(s):/usr/bin/ninja cmTC_244a1 && [1/2] Building C object CMakeFiles/cmTC_244a1.dir/src.c.o
FAILED: CMakeFiles/cmTC_244a1.dir/src.c.o 
/usr/bin/cc -DC_SUPPORTS_STRING_CONVERSION_FLAG  -fPIC -fno-semantic-interposition -Werror=date-time -Wall -Wextra -Wno-unused-parameter -Wwrite-strings -Wmissing-field-initializers -Wimplicit-fallthrough -Wno-comment    -Werror -Wstring-conversion -o CMakeFiles/cmTC_244a1.dir/src.c.o -c /home/martin/gits/tinylang/build/CMakeFiles/CMakeTmp/src.c
cc: error: unrecognized command-line option '-Wstring-conversion'; did you mean '-Wsign-conversion'?
ninja: build stopped: subcommand failed.


Source file was:
int main(void) { return 0; }
Performing C SOURCE FILE Test C_SUPPORTS_CTAD_MAYBE_UNSPPORTED_FLAG failed with the following output:
Change Dir: /home/martin/gits/tinylang/build/CMakeFiles/CMakeTmp

Run Build Command(s):/usr/bin/ninja cmTC_746fb && [1/2] Building C object CMakeFiles/cmTC_746fb.dir/src.c.o
FAILED: CMakeFiles/cmTC_746fb.dir/src.c.o 
/usr/bin/cc -DC_SUPPORTS_CTAD_MAYBE_UNSPPORTED_FLAG  -fPIC -fno-semantic-interposition -Werror=date-time -Wall -Wextra -Wno-unused-parameter -Wwrite-strings -Wmissing-field-initializers -Wimplicit-fallthrough -Wno-comment -Wmisleading-indentation    -Werror -Wctad-maybe-unsupported -o CMakeFiles/cmTC_746fb.dir/src.c.o -c /home/martin/gits/tinylang/build/CMakeFiles/CMakeTmp/src.c
cc1: error: command-line option '-Wctad-maybe-unsupported' is valid for C++/ObjC++ but not for C [-Werror]
cc1: all warnings being treated as errors
ninja: build stopped: subcommand failed.


Source file was:
int main(void) { return 0; }
Performing C++ SOURCE FILE Test LINKER_SUPPORTS_COLOR_DIAGNOSTICS failed with the following output:
Change Dir: /home/martin/gits/tinylang/build/CMakeFiles/CMakeTmp

Run Build Command(s):/usr/bin/ninja cmTC_f352b && [1/2] Building CXX object CMakeFiles/cmTC_f352b.dir/src.cxx.o
[2/2] Linking CXX executable cmTC_f352b
FAILED: cmTC_f352b 
: && /usr/bin/c++ -fPIC -fno-semantic-interposition -fvisibility-inlines-hidden -Werror=date-time -Werror=unguarded-availability-new -Wall -Wextra -Wno-unused-parameter -Wwrite-strings -Wcast-qual -Wmissing-field-initializers -Wimplicit-fallthrough -Wcovered-switch-default -Wno-noexcept-type -Wnon-virtual-dtor -Wdelete-non-virtual-dtor -Wsuggest-override -Wno-comment -Wstring-conversion -Wmisleading-indentation -Wctad-maybe-unsupported -fdiagnostics-color -Wl,--color-diagnostics CMakeFiles/cmTC_f352b.dir/src.cxx.o -o cmTC_f352b   && :
/usr/bin/ld: unrecognized option '--color-diagnostics'
/usr/bin/ld: use the --help option for usage information
clang: error: linker command failed with exit code 1 (use -v to see invocation)
ninja: build stopped: subcommand failed.


Source file was:
int main() { return 0; }
Determining if the os_signpost_interval_begin exist failed with the following output:
Change Dir: /home/martin/gits/tinylang/build/CMakeFiles/CMakeTmp

Run Build Command(s):/usr/bin/ninja cmTC_92bac && [1/2] Building C object CMakeFiles/cmTC_92bac.dir/CheckSymbolExists.c.o
FAILED: CMakeFiles/cmTC_92bac.dir/CheckSymbolExists.c.o 
/usr/bin/cc   -fPIC -fno-semantic-interposition -Wall -Wextra -Wno-unused-parameter -Wwrite-strings -Wmissing-field-initializers -Wimplicit-fallthrough -Wno-comment -Wmisleading-indentation -fdiagnostics-color -ffunction-sections -fdata-sections -o CMakeFiles/cmTC_92bac.dir/CheckSymbolExists.c.o -c /home/martin/gits/tinylang/build/CMakeFiles/CMakeTmp/CheckSymbolExists.c
/home/martin/gits/tinylang/build/CMakeFiles/CMakeTmp/CheckSymbolExists.c:2:10: fatal error: os/signpost.h: Datei oder Verzeichnis nicht gefunden
    2 | #include <os/signpost.h>
      |          ^~~~~~~~~~~~~~~
compilation terminated.
ninja: build stopped: subcommand failed.


File /home/martin/gits/tinylang/build/CMakeFiles/CMakeTmp/CheckSymbolExists.c:
/* */
#include <os/signpost.h>

int main(int argc, char** argv)
{
  (void)argv;
#ifndef os_signpost_interval_begin
  return ((int*)(&os_signpost_interval_begin))[argc];
#else
  (void)argc;
  return 0;
#endif
}
